# JRE version: OpenJDK Runtime Environment (11.0.11+9) (build 11.0.11+9-b60-7590822)
# Java VM: OpenJDK 64-Bit Server VM (11.0.11+9-b60-7590822, mixed mode, tiered, compressed oops, g1 gc, windows-amd64)
Heap:
 garbage-first heap   total 131072K, used 100666K [0x0000000080000000, 0x0000000100000000)
  region size 1024K, 27 young (27648K), 3 survivors (3072K)
 Metaspace       used 69130K, capacity 71015K, committed 71240K, reserved 1112064K
  class space    used 8744K, capacity 9382K, committed 9472K, reserved 1048576K
GC Heap History (20 events):
Event: 119.427 GC heap before
{Heap before GC invocations=11 (full 0):
 garbage-first heap   total 131072K, used 94478K [0x0000000080000000, 0x0000000100000000)
  region size 1024K, 63 young (64512K), 6 survivors (6144K)
 Metaspace       used 41147K, capacity 42193K, committed 42312K, reserved 1085440K
  class space    used 5253K, capacity 5610K, committed 5632K, reserved 1048576K
}
Event: 119.466 GC heap after
{Heap after GC invocations=12 (full 0):
 garbage-first heap   total 131072K, used 38941K [0x0000000080000000, 0x0000000100000000)
  region size 1024K, 7 young (7168K), 7 survivors (7168K)
 Metaspace       used 41147K, capacity 42193K, committed 42312K, reserved 1085440K
  class space    used 5253K, capacity 5610K, committed 5632K, reserved 1048576K
}
Event: 124.314 GC heap before
{Heap before GC invocations=12 (full 0):
 garbage-first heap   total 131072K, used 98333K [0x0000000080000000, 0x0000000100000000)
  region size 1024K, 62 young (63488K), 7 survivors (7168K)
 Metaspace       used 45171K, capacity 46403K, committed 46664K, reserved 1089536K
  class space    used 5668K, capacity 6127K, committed 6144K, reserved 1048576K
}
Event: 124.341 GC heap after
{Heap after GC invocations=13 (full 0):
 garbage-first heap   total 131072K, used 46397K [0x0000000080000000, 0x0000000100000000)
  region size 1024K, 5 young (5120K), 5 survivors (5120K)
 Metaspace       used 45171K, capacity 46403K, committed 46664K, reserved 1089536K
  class space    used 5668K, capacity 6127K, committed 6144K, reserved 1048576K
}
Event: 125.818 GC heap before
{Heap before GC invocations=13 (full 0):
 garbage-first heap   total 131072K, used 103741K [0x0000000080000000, 0x0000000100000000)
  region size 1024K, 57 young (58368K), 5 survivors (5120K)
 Metaspace       used 47927K, capacity 49279K, committed 49480K, reserved 1091584K
  class space    used 6130K, capacity 6596K, committed 6656K, reserved 1048576K
}
Event: 125.837 GC heap after
{Heap after GC invocations=14 (full 0):
 garbage-first heap   total 131072K, used 54396K [0x0000000080000000, 0x0000000100000000)
  region size 1024K, 4 young (4096K), 4 survivors (4096K)
 Metaspace       used 47927K, capacity 49279K, committed 49480K, reserved 1091584K
  class space    used 6130K, capacity 6596K, committed 6656K, reserved 1048576K
}
Event: 127.459 GC heap before
{Heap before GC invocations=14 (full 0):
 garbage-first heap   total 131072K, used 101500K [0x0000000080000000, 0x0000000100000000)
  region size 1024K, 50 young (51200K), 4 survivors (4096K)
 Metaspace       used 50262K, capacity 51695K, committed 51784K, reserved 1093632K
  class space    used 6403K, capacity 6904K, committed 6912K, reserved 1048576K
}
Event: 127.470 GC heap after
{Heap after GC invocations=15 (full 0):
 garbage-first heap   total 131072K, used 56510K [0x0000000080000000, 0x0000000100000000)
  region size 1024K, 6 young (6144K), 6 survivors (6144K)
 Metaspace       used 50262K, capacity 51695K, committed 51784K, reserved 1093632K
  class space    used 6403K, capacity 6904K, committed 6912K, reserved 1048576K
}
Event: 169.065 GC heap before
{Heap before GC invocations=15 (full 0):
 garbage-first heap   total 131072K, used 107710K [0x0000000080000000, 0x0000000100000000)
  region size 1024K, 52 young (53248K), 6 survivors (6144K)
 Metaspace       used 54445K, capacity 56075K, committed 56264K, reserved 1097728K
  class space    used 6932K, capacity 7488K, committed 7552K, reserved 1048576K
}
Event: 169.083 GC heap after
{Heap after GC invocations=16 (full 0):
 garbage-first heap   total 131072K, used 68011K [0x0000000080000000, 0x0000000100000000)
  region size 1024K, 7 young (7168K), 7 survivors (7168K)
 Metaspace       used 54445K, capacity 56075K, committed 56264K, reserved 1097728K
  class space    used 6932K, capacity 7488K, committed 7552K, reserved 1048576K
}
Event: 171.119 GC heap before
{Heap before GC invocations=16 (full 0):
 garbage-first heap   total 131072K, used 92587K [0x0000000080000000, 0x0000000100000000)
  region size 1024K, 32 young (32768K), 7 survivors (7168K)
 Metaspace       used 58336K, capacity 59959K, committed 59976K, reserved 1101824K
  class space    used 7372K, capacity 7929K, committed 7936K, reserved 1048576K
}
Event: 171.136 GC heap after
{Heap after GC invocations=17 (full 0):
 garbage-first heap   total 131072K, used 69633K [0x0000000080000000, 0x0000000100000000)
  region size 1024K, 2 young (2048K), 2 survivors (2048K)
 Metaspace       used 58336K, capacity 59959K, committed 59976K, reserved 1101824K
  class space    used 7372K, capacity 7929K, committed 7936K, reserved 1048576K
}
Event: 172.809 GC heap before
{Heap before GC invocations=18 (full 0):
 garbage-first heap   total 131072K, used 101377K [0x0000000080000000, 0x0000000100000000)
  region size 1024K, 34 young (34816K), 2 survivors (2048K)
 Metaspace       used 63044K, capacity 64683K, committed 64968K, reserved 1105920K
  class space    used 7960K, capacity 8520K, committed 8576K, reserved 1048576K
}
Event: 172.817 GC heap after
{Heap after GC invocations=19 (full 0):
 garbage-first heap   total 131072K, used 73369K [0x0000000080000000, 0x0000000100000000)
  region size 1024K, 5 young (5120K), 5 survivors (5120K)
 Metaspace       used 63044K, capacity 64683K, committed 64968K, reserved 1105920K
  class space    used 7960K, capacity 8520K, committed 8576K, reserved 1048576K
}
Event: 173.927 GC heap before
{Heap before GC invocations=19 (full 0):
 garbage-first heap   total 131072K, used 103065K [0x0000000080000000, 0x0000000100000000)
  region size 1024K, 35 young (35840K), 5 survivors (5120K)
 Metaspace       used 65518K, capacity 67223K, committed 67400K, reserved 1107968K
  class space    used 8256K, capacity 8849K, committed 8960K, reserved 1048576K
}
Event: 173.939 GC heap after
{Heap after GC invocations=20 (full 0):
 garbage-first heap   total 131072K, used 74320K [0x0000000080000000, 0x0000000100000000)
  region size 1024K, 3 young (3072K), 3 survivors (3072K)
 Metaspace       used 65518K, capacity 67223K, committed 67400K, reserved 1107968K
  class space    used 8256K, capacity 8849K, committed 8960K, reserved 1048576K
}
Event: 174.273 GC heap before
{Heap before GC invocations=21 (full 0):
 garbage-first heap   total 131072K, used 84560K [0x0000000080000000, 0x0000000100000000)
  region size 1024K, 14 young (14336K), 3 survivors (3072K)
 Metaspace       used 66492K, capacity 68201K, committed 68552K, reserved 1110016K
  class space    used 8389K, capacity 8983K, committed 9088K, reserved 1048576K
}
Event: 174.279 GC heap after
{Heap after GC invocations=22 (full 0):
 garbage-first heap   total 131072K, used 75073K [0x0000000080000000, 0x0000000100000000)
  region size 1024K, 3 young (3072K), 3 survivors (3072K)
 Metaspace       used 66492K, capacity 68201K, committed 68552K, reserved 1110016K
  class space    used 8389K, capacity 8983K, committed 9088K, reserved 1048576K
}
Event: 175.096 GC heap before
{Heap before GC invocations=23 (full 0):
 garbage-first heap   total 131072K, used 107841K [0x0000000080000000, 0x0000000100000000)
  region size 1024K, 34 young (34816K), 3 survivors (3072K)
 Metaspace       used 67349K, capacity 69151K, committed 69448K, reserved 1110016K
  class space    used 8520K, capacity 9124K, committed 9216K, reserved 1048576K
}
Event: 175.106 GC heap after
{Heap after GC invocations=24 (full 0):
 garbage-first heap   total 131072K, used 77114K [0x0000000080000000, 0x0000000100000000)
  region size 1024K, 3 young (3072K), 3 survivors (3072K)
 Metaspace       used 67349K, capacity 69151K, committed 69448K, reserved 1110016K
  class space    used 8520K, capacity 9124K, committed 9216K, reserved 1048576K
}

